%!Adobe-FontList 1.16
%Locale:0x412

%BeginFont
Handler:DirectoryHandler
FontType:Invalid
OutlineFileName:C:\Users\Ant\Desktop\웹스리퍼블릭\images\Font\Gotham-Black.eot
FileModTime:1467269571
%EndFont

%BeginFont
Handler:DirectoryHandler
FontType:Invalid
OutlineFileName:C:\Users\Ant\Desktop\웹스리퍼블릭\images\Font\Gotham-Black.woff
FileModTime:1467269571
%EndFont

%BeginFont
Handler:DirectoryHandler
FontType:Invalid
OutlineFileName:C:\Users\Ant\Desktop\웹스리퍼블릭\images\Font\Gotham-Book.eot
FileModTime:1467269571
%EndFont

%BeginFont
Handler:DirectoryHandler
FontType:Invalid
OutlineFileName:C:\Users\Ant\Desktop\웹스리퍼블릭\images\Font\Gotham-Book.woff
FileModTime:1467269571
%EndFont

%BeginFont
Handler:DirectoryHandler
FontType:Invalid
OutlineFileName:C:\Users\Ant\Desktop\웹스리퍼블릭\images\Font\HerrVonMuellerhoff-Regular.eot
FileModTime:1467269571
%EndFont

%BeginFont
Handler:DirectoryHandler
FontType:Invalid
OutlineFileName:C:\Users\Ant\Desktop\웹스리퍼블릭\images\Font\HerrVonMuellerhoff-Regular.woff
FileModTime:1467269571
%EndFont

%BeginFont
Handler:DirectoryHandler
FontType:Invalid
OutlineFileName:C:\Users\Ant\Desktop\웹스리퍼블릭\images\Font\NanumBarunGothic.eot
FileModTime:1467269571
%EndFont

%BeginFont
Handler:DirectoryHandler
FontType:Invalid
OutlineFileName:C:\Users\Ant\Desktop\웹스리퍼블릭\images\Font\NanumBarunGothic.woff
FileModTime:1467269571
%EndFont

%BeginFont
Handler:DirectoryHandler
FontType:Invalid
OutlineFileName:C:\Users\Ant\Desktop\웹스리퍼블릭\images\Font\NanumBarunGothicBold.eot
FileModTime:1467269571
%EndFont

%BeginFont
Handler:DirectoryHandler
FontType:Invalid
OutlineFileName:C:\Users\Ant\Desktop\웹스리퍼블릭\images\Font\NanumBarunGothicBold.woff
FileModTime:1467269571
%EndFont

